This file contains any messages produced by compilers while
running configure, to aid debugging if configure makes a mistake.

It was created by nettle configure 3.1, which was
generated by GNU Autoconf 2.69.  Invocation command line was

  $ ./configure --enable-mini-gmp

## --------- ##
## Platform. ##
## --------- ##

hostname = shenliu-Ubuntu1432
uname -m = i686
uname -r = 4.4.0-31-generic
uname -s = Linux
uname -v = #50~14.04.1-Ubuntu SMP Wed Jul 13 01:06:37 UTC 2016

/usr/bin/uname -p = unknown
/bin/uname -X     = unknown

/bin/arch              = unknown
/usr/bin/arch -k       = unknown
/usr/convex/getsysinfo = unknown
/usr/bin/hostinfo      = unknown
/bin/machine           = unknown
/usr/bin/oslevel       = unknown
/bin/universe          = unknown

PATH: /usr/local/sbin
PATH: /usr/local/bin
PATH: /usr/sbin
PATH: /usr/bin
PATH: /sbin
PATH: /bin
PATH: /usr/games
PATH: /usr/local/games


## ----------- ##
## Core tests. ##
## ----------- ##

configure:2504: checking build system type
configure:2518: result: i686-pc-linux-gnu
configure:2538: checking host system type
configure:2551: result: i686-pc-linux-gnu
configure:2705: checking for -R flag
configure:2727: result: using -Wl,-rpath,
configure:2734: result: Searching for libraries
configure:2741: checking /usr/local/lib/lib
configure:2768: result: not found
configure:2741: checking /usr/local/lib
configure:2759: result: added
configure:2741: checking /sw/local/lib
configure:2768: result: not found
configure:2741: checking /sw/lib
configure:2768: result: not found
configure:2741: checking /usr/gnu/lib
configure:2768: result: not found
configure:2741: checking /opt/gnu/lib
configure:2768: result: not found
configure:2741: checking /sw/gnu/lib
configure:2768: result: not found
configure:2741: checking /usr/freeware/lib
configure:2768: result: not found
configure:2741: checking /usr/pkg/lib
configure:2768: result: not found
configure:2824: checking for gcc
configure:2840: found /usr/bin/gcc
configure:2851: result: gcc
configure:3080: checking for C compiler version
configure:3089: gcc --version >&5
gcc (Ubuntu 4.8.4-2ubuntu1~14.04.3) 4.8.4
Copyright (C) 2013 Free Software Foundation, Inc.
This is free software; see the source for copying conditions.  There is NO
warranty; not even for MERCHANTABILITY or FITNESS FOR A PARTICULAR PURPOSE.

configure:3100: $? = 0
configure:3089: gcc -v >&5
Using built-in specs.
COLLECT_GCC=gcc
COLLECT_LTO_WRAPPER=/usr/lib/gcc/i686-linux-gnu/4.8/lto-wrapper
Target: i686-linux-gnu
Configured with: ../src/configure -v --with-pkgversion='Ubuntu 4.8.4-2ubuntu1~14.04.3' --with-bugurl=file:///usr/share/doc/gcc-4.8/README.Bugs --enable-languages=c,c++,java,go,d,fortran,objc,obj-c++ --prefix=/usr --program-suffix=-4.8 --enable-shared --enable-linker-build-id --libexecdir=/usr/lib --without-included-gettext --enable-threads=posix --with-gxx-include-dir=/usr/include/c++/4.8 --libdir=/usr/lib --enable-nls --with-sysroot=/ --enable-clocale=gnu --enable-libstdcxx-debug --enable-libstdcxx-time=yes --enable-gnu-unique-object --disable-libmudflap --enable-plugin --with-system-zlib --disable-browser-plugin --enable-java-awt=gtk --enable-gtk-cairo --with-java-home=/usr/lib/jvm/java-1.5.0-gcj-4.8-i386/jre --enable-java-home --with-jvm-root-dir=/usr/lib/jvm/java-1.5.0-gcj-4.8-i386 --with-jvm-jar-dir=/usr/lib/jvm-exports/java-1.5.0-gcj-4.8-i386 --with-arch-directory=i386 --with-ecj-jar=/usr/share/java/eclipse-ecj.jar --enable-objc-gc --enable-targets=all --enable-multiarch --disable-werror --with-arch-32=i686 --with-multilib-list=m32,m64,mx32 --with-tune=generic --enable-checking=release --build=i686-linux-gnu --host=i686-linux-gnu --target=i686-linux-gnu
Thread model: posix
gcc version 4.8.4 (Ubuntu 4.8.4-2ubuntu1~14.04.3) 
configure:3100: $? = 0
configure:3089: gcc -V >&5
gcc: error: unrecognized command line option '-V'
gcc: fatal error: no input files
compilation terminated.
configure:3100: $? = 4
configure:3089: gcc -qversion >&5
gcc: error: unrecognized command line option '-qversion'
gcc: fatal error: no input files
compilation terminated.
configure:3100: $? = 4
configure:3120: checking whether the C compiler works
configure:3142: gcc    conftest.c  >&5
configure:3146: $? = 0
configure:3194: result: yes
configure:3197: checking for C compiler default output file name
configure:3199: result: a.out
configure:3205: checking for suffix of executables
configure:3212: gcc -o conftest    conftest.c  >&5
configure:3216: $? = 0
configure:3238: result: 
configure:3260: checking whether we are cross compiling
configure:3268: gcc -o conftest    conftest.c  >&5
configure:3272: $? = 0
configure:3279: ./conftest
configure:3283: $? = 0
configure:3298: result: no
configure:3303: checking for suffix of object files
configure:3325: gcc -c   conftest.c >&5
configure:3329: $? = 0
configure:3350: result: o
configure:3354: checking whether we are using the GNU C compiler
configure:3373: gcc -c   conftest.c >&5
configure:3373: $? = 0
configure:3382: result: yes
configure:3391: checking whether gcc accepts -g
configure:3411: gcc -c -g  conftest.c >&5
configure:3411: $? = 0
configure:3452: result: yes
configure:3469: checking for gcc option to accept ISO C89
configure:3532: gcc  -c -g -O2  conftest.c >&5
configure:3532: $? = 0
configure:3545: result: none needed
configure:3567: checking for ifunc support
configure:3649: gcc -o conftest -g -O2   conftest.c  >&5
configure:3649: $? = 0
configure:3657: result: yes
configure:3741: checking for g++
configure:3771: result: no
configure:3741: checking for c++
configure:3771: result: no
configure:3741: checking for gpp
configure:3771: result: no
configure:3741: checking for aCC
configure:3771: result: no
configure:3741: checking for CC
configure:3771: result: no
configure:3741: checking for cxx
configure:3771: result: no
configure:3741: checking for cc++
configure:3771: result: no
configure:3741: checking for cl.exe
configure:3771: result: no
configure:3741: checking for FCC
configure:3771: result: no
configure:3741: checking for KCC
configure:3771: result: no
configure:3741: checking for RCC
configure:3771: result: no
configure:3741: checking for xlC_r
configure:3771: result: no
configure:3741: checking for xlC
configure:3771: result: no
configure:3795: checking for C++ compiler version
configure:3804: g++ --version >&5
./configure: line 3806: g++: command not found
configure:3815: $? = 127
configure:3804: g++ -v >&5
./configure: line 3806: g++: command not found
configure:3815: $? = 127
configure:3804: g++ -V >&5
./configure: line 3806: g++: command not found
configure:3815: $? = 127
configure:3804: g++ -qversion >&5
./configure: line 3806: g++: command not found
configure:3815: $? = 127
configure:3819: checking whether we are using the GNU C++ compiler
configure:3838: g++ -c   conftest.cpp >&5
./configure: line 1573: g++: command not found
configure:3838: $? = 127
configure: failed program was:
| /* confdefs.h */
| #define PACKAGE_NAME "nettle"
| #define PACKAGE_TARNAME "nettle"
| #define PACKAGE_VERSION "3.1"
| #define PACKAGE_STRING "nettle 3.1"
| #define PACKAGE_BUGREPORT "nettle-bugs@lists.lysator.liu.se"
| #define PACKAGE_URL ""
| #define HAVE_LINK_IFUNC 1
| /* end confdefs.h.  */
| 
| int
| main ()
| {
| #ifndef __GNUC__
|        choke me
| #endif
| 
|   ;
|   return 0;
| }
configure:3847: result: no
configure:3856: checking whether g++ accepts -g
configure:3876: g++ -c -g  conftest.cpp >&5
./configure: line 1573: g++: command not found
configure:3876: $? = 127
configure: failed program was:
| /* confdefs.h */
| #define PACKAGE_NAME "nettle"
| #define PACKAGE_TARNAME "nettle"
| #define PACKAGE_VERSION "3.1"
| #define PACKAGE_STRING "nettle 3.1"
| #define PACKAGE_BUGREPORT "nettle-bugs@lists.lysator.liu.se"
| #define PACKAGE_URL ""
| #define HAVE_LINK_IFUNC 1
| /* end confdefs.h.  */
| 
| int
| main ()
| {
| 
|   ;
|   return 0;
| }
configure:3891: g++ -c   conftest.cpp >&5
./configure: line 1573: g++: command not found
configure:3891: $? = 127
configure: failed program was:
| /* confdefs.h */
| #define PACKAGE_NAME "nettle"
| #define PACKAGE_TARNAME "nettle"
| #define PACKAGE_VERSION "3.1"
| #define PACKAGE_STRING "nettle 3.1"
| #define PACKAGE_BUGREPORT "nettle-bugs@lists.lysator.liu.se"
| #define PACKAGE_URL ""
| #define HAVE_LINK_IFUNC 1
| /* end confdefs.h.  */
| 
| int
| main ()
| {
| 
|   ;
|   return 0;
| }
configure:3907: g++ -c -g  conftest.cpp >&5
./configure: line 1573: g++: command not found
configure:3907: $? = 127
configure: failed program was:
| /* confdefs.h */
| #define PACKAGE_NAME "nettle"
| #define PACKAGE_TARNAME "nettle"
| #define PACKAGE_VERSION "3.1"
| #define PACKAGE_STRING "nettle 3.1"
| #define PACKAGE_BUGREPORT "nettle-bugs@lists.lysator.liu.se"
| #define PACKAGE_URL ""
| #define HAVE_LINK_IFUNC 1
| /* end confdefs.h.  */
| 
| int
| main ()
| {
| 
|   ;
|   return 0;
| }
configure:3917: result: no
configure:3959: g++ -c   conftest.cpp >&5
./configure: line 1573: g++: command not found
configure:3959: $? = 127
configure: failed program was:
| /* confdefs.h */
| #define PACKAGE_NAME "nettle"
| #define PACKAGE_TARNAME "nettle"
| #define PACKAGE_VERSION "3.1"
| #define PACKAGE_STRING "nettle 3.1"
| #define PACKAGE_BUGREPORT "nettle-bugs@lists.lysator.liu.se"
| #define PACKAGE_URL ""
| #define HAVE_LINK_IFUNC 1
| /* end confdefs.h.  */
| 
| int
| main ()
| {
| return 0;
|   ;
|   return 0;
| }
configure:3980: checking if LD -Wl,--version-script works
configure:3998: gcc -o conftest -g -O2   -Wl,--version-script=conftest.map conftest.c  >&5
/usr/bin/ld:conftest.map:2: syntax error in VERSION script
collect2: error: ld returned 1 exit status
configure:3998: $? = 1
configure: failed program was:
| /* confdefs.h */
| #define PACKAGE_NAME "nettle"
| #define PACKAGE_TARNAME "nettle"
| #define PACKAGE_VERSION "3.1"
| #define PACKAGE_STRING "nettle 3.1"
| #define PACKAGE_BUGREPORT "nettle-bugs@lists.lysator.liu.se"
| #define PACKAGE_URL ""
| #define HAVE_LINK_IFUNC 1
| /* end confdefs.h.  */
| 
| int
| main ()
| {
| 
|   ;
|   return 0;
| }
configure:4026: gcc -o conftest -g -O2   -Wl,--version-script=conftest.map conftest.c  >&5
configure:4026: $? = 0
configure:4038: result: yes
configure:4049: checking whether make sets $(MAKE)
configure:4071: result: yes
configure:4123: checking for ranlib
configure:4139: found /usr/bin/ranlib
configure:4150: result: ranlib
configure:4215: checking for nm
configure:4231: found /usr/bin/nm
configure:4242: result: nm
configure:4308: checking for objdump
configure:4324: found /usr/bin/objdump
configure:4335: result: objdump
configure:4400: checking for ar
configure:4416: found /usr/bin/ar
configure:4427: result: ar
configure:4468: checking for a BSD-compatible install
configure:4536: result: /usr/bin/install -c
configure:4550: checking for a thread-safe mkdir -p
configure:4589: result: /bin/mkdir -p
configure:4593: checking whether ln -s works
configure:4597: result: yes
configure:4722: checking for build system executable suffix
configure:4757: result: 
configure:4818: checking for an ANSI C-conforming const
configure:4884: gcc -c -g -O2  conftest.c >&5
configure:4884: $? = 0
configure:4891: result: yes
configure:4899: checking for inline
configure:4915: gcc -c -g -O2  conftest.c >&5
configure:4915: $? = 0
configure:4923: result: inline
configure:4946: checking how to run the C preprocessor
configure:4977: gcc -E  conftest.c
configure:4977: $? = 0
configure:4991: gcc -E  conftest.c
conftest.c:10:28: fatal error: ac_nonexistent.h: No such file or directory
 #include <ac_nonexistent.h>
                            ^
compilation terminated.
configure:4991: $? = 1
configure: failed program was:
| /* confdefs.h */
| #define PACKAGE_NAME "nettle"
| #define PACKAGE_TARNAME "nettle"
| #define PACKAGE_VERSION "3.1"
| #define PACKAGE_STRING "nettle 3.1"
| #define PACKAGE_BUGREPORT "nettle-bugs@lists.lysator.liu.se"
| #define PACKAGE_URL ""
| #define HAVE_LINK_IFUNC 1
| /* end confdefs.h.  */
| #include <ac_nonexistent.h>
configure:5016: result: gcc -E
configure:5036: gcc -E  conftest.c
configure:5036: $? = 0
configure:5050: gcc -E  conftest.c
conftest.c:10:28: fatal error: ac_nonexistent.h: No such file or directory
 #include <ac_nonexistent.h>
                            ^
compilation terminated.
configure:5050: $? = 1
configure: failed program was:
| /* confdefs.h */
| #define PACKAGE_NAME "nettle"
| #define PACKAGE_TARNAME "nettle"
| #define PACKAGE_VERSION "3.1"
| #define PACKAGE_STRING "nettle 3.1"
| #define PACKAGE_BUGREPORT "nettle-bugs@lists.lysator.liu.se"
| #define PACKAGE_URL ""
| #define HAVE_LINK_IFUNC 1
| /* end confdefs.h.  */
| #include <ac_nonexistent.h>
configure:5079: checking for grep that handles long lines and -e
configure:5137: result: /bin/grep
configure:5142: checking for egrep
configure:5204: result: /bin/grep -E
configure:5209: checking for uid_t in sys/types.h
configure:5228: result: yes
configure:5239: checking for ANSI C header files
configure:5259: gcc -c -g -O2  conftest.c >&5
configure:5259: $? = 0
configure:5332: gcc -o conftest -g -O2   conftest.c  >&5
configure:5332: $? = 0
configure:5332: ./conftest
configure:5332: $? = 0
configure:5343: result: yes
configure:5356: checking for sys/types.h
configure:5356: gcc -c -g -O2  conftest.c >&5
configure:5356: $? = 0
configure:5356: result: yes
configure:5356: checking for sys/stat.h
configure:5356: gcc -c -g -O2  conftest.c >&5
configure:5356: $? = 0
configure:5356: result: yes
configure:5356: checking for stdlib.h
configure:5356: gcc -c -g -O2  conftest.c >&5
configure:5356: $? = 0
configure:5356: result: yes
configure:5356: checking for string.h
configure:5356: gcc -c -g -O2  conftest.c >&5
configure:5356: $? = 0
configure:5356: result: yes
configure:5356: checking for memory.h
configure:5356: gcc -c -g -O2  conftest.c >&5
configure:5356: $? = 0
configure:5356: result: yes
configure:5356: checking for strings.h
configure:5356: gcc -c -g -O2  conftest.c >&5
configure:5356: $? = 0
configure:5356: result: yes
configure:5356: checking for inttypes.h
configure:5356: gcc -c -g -O2  conftest.c >&5
configure:5356: $? = 0
configure:5356: result: yes
configure:5356: checking for stdint.h
configure:5356: gcc -c -g -O2  conftest.c >&5
configure:5356: $? = 0
configure:5356: result: yes
configure:5356: checking for unistd.h
configure:5356: gcc -c -g -O2  conftest.c >&5
configure:5356: $? = 0
configure:5356: result: yes
configure:5368: checking for size_t
configure:5368: gcc -c -g -O2  conftest.c >&5
configure:5368: $? = 0
configure:5368: gcc -c -g -O2  conftest.c >&5
conftest.c: In function 'main':
conftest.c:56:21: error: expected expression before ')' token
 if (sizeof ((size_t)))
                     ^
configure:5368: $? = 1
configure: failed program was:
| /* confdefs.h */
| #define PACKAGE_NAME "nettle"
| #define PACKAGE_TARNAME "nettle"
| #define PACKAGE_VERSION "3.1"
| #define PACKAGE_STRING "nettle 3.1"
| #define PACKAGE_BUGREPORT "nettle-bugs@lists.lysator.liu.se"
| #define PACKAGE_URL ""
| #define HAVE_LINK_IFUNC 1
| #define STDC_HEADERS 1
| #define HAVE_SYS_TYPES_H 1
| #define HAVE_SYS_STAT_H 1
| #define HAVE_STDLIB_H 1
| #define HAVE_STRING_H 1
| #define HAVE_MEMORY_H 1
| #define HAVE_STRINGS_H 1
| #define HAVE_INTTYPES_H 1
| #define HAVE_STDINT_H 1
| #define HAVE_UNISTD_H 1
| /* end confdefs.h.  */
| #include <stdio.h>
| #ifdef HAVE_SYS_TYPES_H
| # include <sys/types.h>
| #endif
| #ifdef HAVE_SYS_STAT_H
| # include <sys/stat.h>
| #endif
| #ifdef STDC_HEADERS
| # include <stdlib.h>
| # include <stddef.h>
| #else
| # ifdef HAVE_STDLIB_H
| #  include <stdlib.h>
| # endif
| #endif
| #ifdef HAVE_STRING_H
| # if !defined STDC_HEADERS && defined HAVE_MEMORY_H
| #  include <memory.h>
| # endif
| # include <string.h>
| #endif
| #ifdef HAVE_STRINGS_H
| # include <strings.h>
| #endif
| #ifdef HAVE_INTTYPES_H
| # include <inttypes.h>
| #endif
| #ifdef HAVE_STDINT_H
| # include <stdint.h>
| #endif
| #ifdef HAVE_UNISTD_H
| # include <unistd.h>
| #endif
| int
| main ()
| {
| if (sizeof ((size_t)))
| 	    return 0;
|   ;
|   return 0;
| }
configure:5368: result: yes
configure:5379: checking whether time.h and sys/time.h may both be included
configure:5399: gcc -c -g -O2  conftest.c >&5
configure:5399: $? = 0
configure:5406: result: yes
configure:5418: checking size of long
configure:5423: gcc -o conftest -g -O2   conftest.c  >&5
configure:5423: $? = 0
configure:5423: ./conftest
configure:5423: $? = 0
configure:5437: result: 4
configure:5451: checking size of size_t
configure:5456: gcc -o conftest -g -O2   conftest.c  >&5
configure:5456: $? = 0
configure:5456: ./conftest
configure:5456: $? = 0
configure:5470: result: 4
configure:5484: checking openssl/blowfish.h usability
configure:5484: gcc -c -g -O2  conftest.c >&5
configure:5484: $? = 0
configure:5484: result: yes
configure:5484: checking openssl/blowfish.h presence
configure:5484: gcc -E  conftest.c
configure:5484: $? = 0
configure:5484: result: yes
configure:5484: checking for openssl/blowfish.h
configure:5484: result: yes
configure:5484: checking openssl/des.h usability
configure:5484: gcc -c -g -O2  conftest.c >&5
configure:5484: $? = 0
configure:5484: result: yes
configure:5484: checking openssl/des.h presence
configure:5484: gcc -E  conftest.c
configure:5484: $? = 0
configure:5484: result: yes
configure:5484: checking for openssl/des.h
configure:5484: result: yes
configure:5484: checking openssl/cast.h usability
configure:5484: gcc -c -g -O2  conftest.c >&5
configure:5484: $? = 0
configure:5484: result: yes
configure:5484: checking openssl/cast.h presence
configure:5484: gcc -E  conftest.c
configure:5484: $? = 0
configure:5484: result: yes
configure:5484: checking for openssl/cast.h
configure:5484: result: yes
configure:5484: checking openssl/aes.h usability
configure:5484: gcc -c -g -O2  conftest.c >&5
configure:5484: $? = 0
configure:5484: result: yes
configure:5484: checking openssl/aes.h presence
configure:5484: gcc -E  conftest.c
configure:5484: $? = 0
configure:5484: result: yes
configure:5484: checking for openssl/aes.h
configure:5484: result: yes
configure:5484: checking openssl/ecdsa.h usability
configure:5484: gcc -c -g -O2  conftest.c >&5
configure:5484: $? = 0
configure:5484: result: yes
configure:5484: checking openssl/ecdsa.h presence
configure:5484: gcc -E  conftest.c
configure:5484: $? = 0
configure:5484: result: yes
configure:5484: checking for openssl/ecdsa.h
configure:5484: result: yes
configure:5500: checking valgrind/memcheck.h usability
configure:5500: gcc -c -g -O2  conftest.c >&5
conftest.c:61:31: fatal error: valgrind/memcheck.h: No such file or directory
 #include <valgrind/memcheck.h>
                               ^
compilation terminated.
configure:5500: $? = 1
configure: failed program was:
| /* confdefs.h */
| #define PACKAGE_NAME "nettle"
| #define PACKAGE_TARNAME "nettle"
| #define PACKAGE_VERSION "3.1"
| #define PACKAGE_STRING "nettle 3.1"
| #define PACKAGE_BUGREPORT "nettle-bugs@lists.lysator.liu.se"
| #define PACKAGE_URL ""
| #define HAVE_LINK_IFUNC 1
| #define STDC_HEADERS 1
| #define HAVE_SYS_TYPES_H 1
| #define HAVE_SYS_STAT_H 1
| #define HAVE_STDLIB_H 1
| #define HAVE_STRING_H 1
| #define HAVE_MEMORY_H 1
| #define HAVE_STRINGS_H 1
| #define HAVE_INTTYPES_H 1
| #define HAVE_STDINT_H 1
| #define HAVE_UNISTD_H 1
| #define TIME_WITH_SYS_TIME 1
| #define SIZEOF_LONG 4
| #define SIZEOF_SIZE_T 4
| #define HAVE_OPENSSL_BLOWFISH_H 1
| #define HAVE_OPENSSL_DES_H 1
| #define HAVE_OPENSSL_CAST_H 1
| #define HAVE_OPENSSL_AES_H 1
| #define HAVE_OPENSSL_ECDSA_H 1
| /* end confdefs.h.  */
| #include <stdio.h>
| #ifdef HAVE_SYS_TYPES_H
| # include <sys/types.h>
| #endif
| #ifdef HAVE_SYS_STAT_H
| # include <sys/stat.h>
| #endif
| #ifdef STDC_HEADERS
| # include <stdlib.h>
| # include <stddef.h>
| #else
| # ifdef HAVE_STDLIB_H
| #  include <stdlib.h>
| # endif
| #endif
| #ifdef HAVE_STRING_H
| # if !defined STDC_HEADERS && defined HAVE_MEMORY_H
| #  include <memory.h>
| # endif
| # include <string.h>
| #endif
| #ifdef HAVE_STRINGS_H
| # include <strings.h>
| #endif
| #ifdef HAVE_INTTYPES_H
| # include <inttypes.h>
| #endif
| #ifdef HAVE_STDINT_H
| # include <stdint.h>
| #endif
| #ifdef HAVE_UNISTD_H
| # include <unistd.h>
| #endif
| #include <valgrind/memcheck.h>
configure:5500: result: no
configure:5500: checking valgrind/memcheck.h presence
configure:5500: gcc -E  conftest.c
conftest.c:28:31: fatal error: valgrind/memcheck.h: No such file or directory
 #include <valgrind/memcheck.h>
                               ^
compilation terminated.
configure:5500: $? = 1
configure: failed program was:
| /* confdefs.h */
| #define PACKAGE_NAME "nettle"
| #define PACKAGE_TARNAME "nettle"
| #define PACKAGE_VERSION "3.1"
| #define PACKAGE_STRING "nettle 3.1"
| #define PACKAGE_BUGREPORT "nettle-bugs@lists.lysator.liu.se"
| #define PACKAGE_URL ""
| #define HAVE_LINK_IFUNC 1
| #define STDC_HEADERS 1
| #define HAVE_SYS_TYPES_H 1
| #define HAVE_SYS_STAT_H 1
| #define HAVE_STDLIB_H 1
| #define HAVE_STRING_H 1
| #define HAVE_MEMORY_H 1
| #define HAVE_STRINGS_H 1
| #define HAVE_INTTYPES_H 1
| #define HAVE_STDINT_H 1
| #define HAVE_UNISTD_H 1
| #define TIME_WITH_SYS_TIME 1
| #define SIZEOF_LONG 4
| #define SIZEOF_SIZE_T 4
| #define HAVE_OPENSSL_BLOWFISH_H 1
| #define HAVE_OPENSSL_DES_H 1
| #define HAVE_OPENSSL_CAST_H 1
| #define HAVE_OPENSSL_AES_H 1
| #define HAVE_OPENSSL_ECDSA_H 1
| /* end confdefs.h.  */
| #include <valgrind/memcheck.h>
configure:5500: result: no
configure:5500: checking for valgrind/memcheck.h
configure:5500: result: no
configure:5513: checking for working alloca.h
configure:5530: gcc -o conftest -g -O2   conftest.c  >&5
configure:5530: $? = 0
configure:5538: result: yes
configure:5546: checking for alloca
configure:5583: gcc -o conftest -g -O2   conftest.c  >&5
configure:5583: $? = 0
configure:5591: result: yes
configure:5699: checking malloc.h usability
configure:5699: gcc -c -g -O2  conftest.c >&5
configure:5699: $? = 0
configure:5699: result: yes
configure:5699: checking malloc.h presence
configure:5699: gcc -E  conftest.c
configure:5699: $? = 0
configure:5699: result: yes
configure:5699: checking for malloc.h
configure:5699: result: yes
configure:5712: checking for strerror
configure:5712: gcc -o conftest -g -O2   conftest.c  >&5
configure:5712: $? = 0
configure:5712: result: yes
configure:5727: checking for secure_getenv
configure:5727: gcc -o conftest -g -O2   conftest.c  >&5
configure:5727: $? = 0
configure:5727: result: yes
configure:5727: checking for getline
configure:5727: gcc -o conftest -g -O2   conftest.c  >&5
configure:5727: $? = 0
configure:5727: result: yes
configure:5736: checking whether byte ordering is bigendian
configure:5751: gcc -c -g -O2  conftest.c >&5
conftest.c:35:9: error: unknown type name 'not'
         not a universal capable compiler
         ^
conftest.c:35:15: error: expected '=', ',', ';', 'asm' or '__attribute__' before 'universal'
         not a universal capable compiler
               ^
conftest.c:35:15: error: unknown type name 'universal'
configure:5751: $? = 1
configure: failed program was:
| /* confdefs.h */
| #define PACKAGE_NAME "nettle"
| #define PACKAGE_TARNAME "nettle"
| #define PACKAGE_VERSION "3.1"
| #define PACKAGE_STRING "nettle 3.1"
| #define PACKAGE_BUGREPORT "nettle-bugs@lists.lysator.liu.se"
| #define PACKAGE_URL ""
| #define HAVE_LINK_IFUNC 1
| #define STDC_HEADERS 1
| #define HAVE_SYS_TYPES_H 1
| #define HAVE_SYS_STAT_H 1
| #define HAVE_STDLIB_H 1
| #define HAVE_STRING_H 1
| #define HAVE_MEMORY_H 1
| #define HAVE_STRINGS_H 1
| #define HAVE_INTTYPES_H 1
| #define HAVE_STDINT_H 1
| #define HAVE_UNISTD_H 1
| #define TIME_WITH_SYS_TIME 1
| #define SIZEOF_LONG 4
| #define SIZEOF_SIZE_T 4
| #define HAVE_OPENSSL_BLOWFISH_H 1
| #define HAVE_OPENSSL_DES_H 1
| #define HAVE_OPENSSL_CAST_H 1
| #define HAVE_OPENSSL_AES_H 1
| #define HAVE_OPENSSL_ECDSA_H 1
| #define HAVE_ALLOCA_H 1
| #define HAVE_ALLOCA 1
| #define HAVE_MALLOC_H 1
| #define HAVE_STRERROR 1
| #define HAVE_SECURE_GETENV 1
| #define HAVE_GETLINE 1
| /* end confdefs.h.  */
| #ifndef __APPLE_CC__
| 	       not a universal capable compiler
| 	     #endif
| 	     typedef int dummy;
| 
configure:5796: gcc -c -g -O2  conftest.c >&5
configure:5796: $? = 0
configure:5814: gcc -c -g -O2  conftest.c >&5
conftest.c: In function 'main':
conftest.c:41:4: error: unknown type name 'not'
    not big endian
    ^
conftest.c:41:12: error: expected '=', ',', ';', 'asm' or '__attribute__' before 'endian'
    not big endian
            ^
configure:5814: $? = 1
configure: failed program was:
| /* confdefs.h */
| #define PACKAGE_NAME "nettle"
| #define PACKAGE_TARNAME "nettle"
| #define PACKAGE_VERSION "3.1"
| #define PACKAGE_STRING "nettle 3.1"
| #define PACKAGE_BUGREPORT "nettle-bugs@lists.lysator.liu.se"
| #define PACKAGE_URL ""
| #define HAVE_LINK_IFUNC 1
| #define STDC_HEADERS 1
| #define HAVE_SYS_TYPES_H 1
| #define HAVE_SYS_STAT_H 1
| #define HAVE_STDLIB_H 1
| #define HAVE_STRING_H 1
| #define HAVE_MEMORY_H 1
| #define HAVE_STRINGS_H 1
| #define HAVE_INTTYPES_H 1
| #define HAVE_STDINT_H 1
| #define HAVE_UNISTD_H 1
| #define TIME_WITH_SYS_TIME 1
| #define SIZEOF_LONG 4
| #define SIZEOF_SIZE_T 4
| #define HAVE_OPENSSL_BLOWFISH_H 1
| #define HAVE_OPENSSL_DES_H 1
| #define HAVE_OPENSSL_CAST_H 1
| #define HAVE_OPENSSL_AES_H 1
| #define HAVE_OPENSSL_ECDSA_H 1
| #define HAVE_ALLOCA_H 1
| #define HAVE_ALLOCA 1
| #define HAVE_MALLOC_H 1
| #define HAVE_STRERROR 1
| #define HAVE_SECURE_GETENV 1
| #define HAVE_GETLINE 1
| /* end confdefs.h.  */
| #include <sys/types.h>
| 		#include <sys/param.h>
| 
| int
| main ()
| {
| #if BYTE_ORDER != BIG_ENDIAN
| 		 not big endian
| 		#endif
| 
|   ;
|   return 0;
| }
configure:5942: result: no
configure:5961: checking for __attribute__
configure:5987: gcc -c -g -O2  conftest.c >&5
configure:5987: $? = 0
configure:5994: result: yes
configure:6008: checking for stdint types
configure:6031: gcc -c   conftest.c >&5
configure:6031: $? = 0
configure:6056: result: stdint.h (shortcircuit)
configure:6424: result: make use of stdint.h in nettle-stdint.h (assuming C99 compatible system)
configure:6434: checking for fcntl file locking
configure:6461: gcc -c -g -O2  conftest.c >&5
configure:6461: $? = 0
configure:6468: result: yes
configure:6600: checking for mini-gmp limb size
configure:6603: gcc -o conftest -g -O2   conftest.c  >&5
configure:6603: $? = 0
configure:6603: ./conftest
configure:6603: $? = 0
configure:6613: result: 32 bits
configure:6879: Looking for assembler files in x86.
configure:6970: checking CCPIC
configure:7014: gcc -c -g -O2 -fpic  conftest.c >&5
conftest.c: In function 'main':
conftest.c:40:1: warning: incompatible implicit declaration of built-in function 'exit' [enabled by default]
 exit(0);
 ^
configure:7014: $? = 0
configure:7025: result: -fpic
configure:7138: checking if globals are prefixed by underscore
configure:7149: gcc -c -g -O2  conftest.c >&5
configure:7149: $? = 0
configure:7165: result: no
configure:7171: checking for ELF-style .type,%function pseudo-ops
configure:7188: gcc -g -O2  -c conftest.s >conftest.out 2>&1
configure:7191: $? = 0
configure:7204: result: yes
configure:7207: checking for ELF-style .type,#function pseudo-ops
configure:7224: gcc -g -O2  -c conftest.s >conftest.out 2>&1
configure:7227: $? = 1
conftest.s: Assembler messages:
conftest.s:4: Error: unrecognized symbol type ""
configure: failed program was:

.text
.globl foo
.type foo,#function
foo:
.Lend:

.size foo, .Lend - foo

configure:7240: result: no
configure:7255: checking for COFF-style .type directive
configure:7272: gcc -g -O2  -c conftest.s >conftest.out 2>&1
configure:7275: $? = 1
conftest.s: Assembler messages:
conftest.s:4: Error: unknown pseudo-op: `.def'
conftest.s:5: Error: unknown pseudo-op: `.scl'
conftest.s:6: Error: Missing symbol name in directive
conftest.s:6: Error: unrecognized symbol type "32"
conftest.s:7: Error: unknown pseudo-op: `.endef'
configure: failed program was:

.text
.globl _foo
.def _foo
.scl 2
.type 32
.endef
_foo:

configure:7288: result: no
configure:7294: checking if we should use a .note.GNU-stack section
configure:7306: gcc -g -O2  -c conftest.c >conftest.out 2>&1
configure:7309: $? = 0
configure:7321: result: yes
configure:7327: checking if .align assembly directive is logarithmic
configure:7338: gcc -g -O2  -c conftest.s >conftest.out 2>&1
configure:7341: $? = 1
conftest.s: Assembler messages:
conftest.s:2: Error: alignment not a power of 2
configure: failed program was:

.align 3

configure:7354: result: no
configure:7389: checking for m4
configure:7407: found /usr/bin/m4
configure:7420: result: /usr/bin/m4
configure:7457: checking for makeinfo
configure:7488: result: not-found
configure:7533: checking for BF_ecb_encrypt in -lcrypto
configure:7558: gcc -o conftest -g -O2   conftest.c -lcrypto   >&5
configure:7558: $? = 0
configure:7567: result: yes
configure:7593: checking for library containing clock_gettime
configure:7624: gcc -o conftest -g -O2   conftest.c  >&5
configure:7624: $? = 0
configure:7641: result: none required
configure:7802: creating ./config.status

## ---------------------- ##
## Running config.status. ##
## ---------------------- ##

This file was extended by nettle config.status 3.1, which was
generated by GNU Autoconf 2.69.  Invocation command line was

  CONFIG_FILES    = 
  CONFIG_HEADERS  = 
  CONFIG_LINKS    = 
  CONFIG_COMMANDS = 
  $ ./config.status 

on shenliu-Ubuntu1432

config.status:944: creating config.make
config.status:944: creating config.m4
config.status:944: creating Makefile
config.status:944: creating version.h
config.status:944: creating tools/Makefile
config.status:944: creating testsuite/Makefile
config.status:944: creating examples/Makefile
config.status:944: creating nettle.pc
config.status:944: creating hogweed.pc
config.status:944: creating libnettle.map
config.status:944: creating libhogweed.map
config.status:944: creating config.h
config.status:1151: linking x86/aes-encrypt-internal.asm to aes-encrypt-internal.asm
config.status:1151: linking x86/aes-decrypt-internal.asm to aes-decrypt-internal.asm
config.status:1151: linking x86/arcfour-crypt.asm to arcfour-crypt.asm
config.status:1151: linking x86/camellia-crypt-internal.asm to camellia-crypt-internal.asm
config.status:1151: linking x86/md5-compress.asm to md5-compress.asm
config.status:1151: linking x86/sha1-compress.asm to sha1-compress.asm
config.status:1151: linking x86/machine.m4 to machine.m4
config.status:1170: executing dummy-dep-files commands
config.status:1170: executing nettle-stdint.h commands
config.status:1183: creating nettle-stdint.h : __NETTLE_STDINT_H
config.status:1534: nettle-stdint.h is unchanged
configure:9460: summary of build options:

  Version:           nettle 3.1
  Host type:         i686-pc-linux-gnu
  ABI:               standard
  Assembly files:    x86
  Install prefix:    /usr/local
  Library directory: ${exec_prefix}/lib
  Compiler:          gcc
  Static libraries:  yes
  Shared libraries:  yes
  Public key crypto: yes
  Using mini-gmp:    yes
  Documentation:     no


## ---------------- ##
## Cache variables. ##
## ---------------- ##

ac_cv_build=i686-pc-linux-gnu
ac_cv_c_bigendian=no
ac_cv_c_compiler_gnu=yes
ac_cv_c_const=yes
ac_cv_c_inline=inline
ac_cv_cxx_compiler_gnu=no
ac_cv_env_CCC_set=
ac_cv_env_CCC_value=
ac_cv_env_CC_FOR_BUILD_set=
ac_cv_env_CC_FOR_BUILD_value=
ac_cv_env_CC_set=
ac_cv_env_CC_value=
ac_cv_env_CFLAGS_set=
ac_cv_env_CFLAGS_value=
ac_cv_env_CPPFLAGS_set=
ac_cv_env_CPPFLAGS_value=
ac_cv_env_CPP_set=
ac_cv_env_CPP_value=
ac_cv_env_CXXFLAGS_set=
ac_cv_env_CXXFLAGS_value=
ac_cv_env_CXX_set=
ac_cv_env_CXX_value=
ac_cv_env_LDFLAGS_set=
ac_cv_env_LDFLAGS_value=
ac_cv_env_LIBS_set=
ac_cv_env_LIBS_value=
ac_cv_env_build_alias_set=
ac_cv_env_build_alias_value=
ac_cv_env_host_alias_set=
ac_cv_env_host_alias_value=
ac_cv_env_target_alias_set=
ac_cv_env_target_alias_value=
ac_cv_func_alloca_works=yes
ac_cv_func_getline=yes
ac_cv_func_secure_getenv=yes
ac_cv_func_strerror=yes
ac_cv_header_inttypes_h=yes
ac_cv_header_malloc_h=yes
ac_cv_header_memory_h=yes
ac_cv_header_openssl_aes_h=yes
ac_cv_header_openssl_blowfish_h=yes
ac_cv_header_openssl_cast_h=yes
ac_cv_header_openssl_des_h=yes
ac_cv_header_openssl_ecdsa_h=yes
ac_cv_header_stdc=yes
ac_cv_header_stdint=stdint.h
ac_cv_header_stdint_h=yes
ac_cv_header_stdint_t=stdint.h
ac_cv_header_stdlib_h=yes
ac_cv_header_string_h=yes
ac_cv_header_strings_h=yes
ac_cv_header_sys_stat_h=yes
ac_cv_header_sys_types_h=yes
ac_cv_header_time=yes
ac_cv_header_unistd_h=yes
ac_cv_header_valgrind_memcheck_h=no
ac_cv_host=i686-pc-linux-gnu
ac_cv_lib_crypto_BF_ecb_encrypt=yes
ac_cv_objext=o
ac_cv_path_EGREP='/bin/grep -E'
ac_cv_path_GREP=/bin/grep
ac_cv_path_M4=/usr/bin/m4
ac_cv_path_MAKEINFO=not-found
ac_cv_path_install='/usr/bin/install -c'
ac_cv_path_mkdir=/bin/mkdir
ac_cv_prog_CPP='gcc -E'
ac_cv_prog_ac_ct_AR=ar
ac_cv_prog_ac_ct_CC=gcc
ac_cv_prog_ac_ct_NM=nm
ac_cv_prog_ac_ct_OBJDUMP=objdump
ac_cv_prog_ac_ct_RANLIB=ranlib
ac_cv_prog_cc_c89=
ac_cv_prog_cc_g=yes
ac_cv_prog_cxx_g=no
ac_cv_prog_make_make_set=yes
ac_cv_search_clock_gettime='none required'
ac_cv_sizeof_long=4
ac_cv_sizeof_size_t=4
ac_cv_stdint_message='using gnu compiler gcc (Ubuntu 4.8.4-2ubuntu1~14.04.3) 4.8.4'
ac_cv_stdint_result='(assuming C99 compatible system)'
ac_cv_type_size_t=yes
ac_cv_type_uid_t=yes
ac_cv_working_alloca_h=yes
gmp_cv_prog_exeext_for_build=
lsh_cv_c_attribute=yes
lsh_cv_sys_ccpic=-fpic
nettle_cv_asm_align_log=no
nettle_cv_asm_coff_type=no
nettle_cv_asm_gnu_stack=yes
nettle_cv_asm_type_hash_function=no
nettle_cv_asm_type_percent_function=yes
nettle_cv_asm_underscore=no
nettle_cv_fcntl_locking=yes
nettle_cv_gmp_numb_bits=32
nettle_cv_link_ifunc=yes

## ----------------- ##
## Output variables. ##
## ----------------- ##

ALLOCA=''
AR='ar'
ASM_ALIGN_LOG='no'
ASM_COFF_STYLE='no'
ASM_ELF_STYLE='yes'
ASM_MARK_NOEXEC_STACK='.section .note.GNU-stack,"",TYPE_PROGBITS'
ASM_RODATA='.section .rodata'
ASM_SYMBOL_PREFIX=''
ASM_TYPE_FUNCTION='%function'
ASM_TYPE_PROGBITS='%progbits'
BENCH_LIBS=''
CC='gcc'
CCPIC='-fpic'
CC_FOR_BUILD='gcc -O'
CFLAGS='-g -O2 -ggdb3 -Wno-pointer-sign -Wall -W   -Wmissing-prototypes -Wmissing-declarations -Wstrict-prototypes   -Wpointer-arith -Wbad-function-cast -Wnested-externs'
CPP='gcc -E'
CPPFLAGS=''
CXX='g++'
CXXFLAGS=''
DEFS='-DHAVE_CONFIG_H'
DEP_FLAGS='-MT $@ -MD -MP -MF $@.d'
DEP_INCLUDE='include '
DEP_PROCESS='true'
ECHO_C=''
ECHO_N='-n'
ECHO_T=''
EGREP='/bin/grep -E'
EMULATOR=''
EXEEXT=''
EXEEXT_FOR_BUILD=''
EXTRA_HOGWEED_LINKER_FLAGS='-Wl,--version-script=libhogweed.map'
EXTRA_LINKER_FLAGS='-Wl,--version-script=libnettle.map'
GMP_NUMB_BITS='32'
GREP='/bin/grep'
HOGWEED_EXTRA_SYMBOLS='mpz_*;gmp_*;mpn_*;'
IF_ASM=''
IF_CXX='#'
IF_DLL='#'
IF_DOCUMENTATION='#'
IF_HOGWEED=''
IF_MINI_GMP=''
IF_NOT_SHARED='#'
IF_SHARED=''
IF_STATIC=''
INSTALL_DATA='${INSTALL} -m 644'
INSTALL_PROGRAM='${INSTALL}'
INSTALL_SCRIPT='${INSTALL}'
LDFLAGS=''
LIBHOGWEED_FILE='$(LIBHOGWEED_SONAME).$(LIBHOGWEED_MINOR)'
LIBHOGWEED_FILE_SRC='$(LIBHOGWEED_FORLINK)'
LIBHOGWEED_FORLINK='libhogweed.so'
LIBHOGWEED_LIBS='libnettle.so $(LIBS)'
LIBHOGWEED_LINK='$(CC) $(CFLAGS) $(LDFLAGS) -shared -Wl,-soname=$(LIBHOGWEED_SONAME)'
LIBHOGWEED_MAJOR='4'
LIBHOGWEED_MINOR='0'
LIBHOGWEED_SONAME='$(LIBHOGWEED_FORLINK).$(LIBHOGWEED_MAJOR)'
LIBNETTLE_FILE='$(LIBNETTLE_SONAME).$(LIBNETTLE_MINOR)'
LIBNETTLE_FILE_SRC='$(LIBNETTLE_FORLINK)'
LIBNETTLE_FORLINK='libnettle.so'
LIBNETTLE_LIBS=''
LIBNETTLE_LINK='$(CC) $(CFLAGS) $(LDFLAGS) -shared -Wl,-soname=$(LIBNETTLE_SONAME)'
LIBNETTLE_MAJOR='6'
LIBNETTLE_MINOR='0'
LIBNETTLE_SONAME='$(LIBNETTLE_FORLINK).$(LIBNETTLE_MAJOR)'
LIBOBJS=''
LIBS=''
LN_S='ln -s'
LTLIBOBJS=''
M4='/usr/bin/m4'
MAJOR_VERSION='3'
MAKEINFO='not-found'
MINOR_VERSION='1'
MKDIR_P='/bin/mkdir -p'
NETTLE_USE_MINI_GMP='1'
NM='nm'
OBJDUMP='objdump'
OBJEXT='o'
OPENSSL_LIBFLAGS='-lcrypto'
OPT_HOGWEED_OBJS=''
OPT_NETTLE_OBJS=''
OPT_NETTLE_SOURCES=''
PACKAGE_BUGREPORT='nettle-bugs@lists.lysator.liu.se'
PACKAGE_NAME='nettle'
PACKAGE_STRING='nettle 3.1'
PACKAGE_TARNAME='nettle'
PACKAGE_URL=''
PACKAGE_VERSION='3.1'
PATH_SEPARATOR=':'
RANLIB='ranlib'
SET_MAKE=''
SHELL='/bin/bash'
W64_ABI='no'
ac_ct_CC='gcc'
ac_ct_CXX=''
bindir='${exec_prefix}/bin'
build='i686-pc-linux-gnu'
build_alias=''
build_cpu='i686'
build_os='linux-gnu'
build_vendor='pc'
datadir='${datarootdir}'
datarootdir='${prefix}/share'
docdir='${datarootdir}/doc/${PACKAGE_TARNAME}'
dvidir='${docdir}'
exec_prefix='${prefix}'
host='i686-pc-linux-gnu'
host_alias=''
host_cpu='i686'
host_os='linux-gnu'
host_vendor='pc'
htmldir='${docdir}'
includedir='${prefix}/include'
infodir='${datarootdir}/info'
libdir='${exec_prefix}/lib'
libexecdir='${exec_prefix}/libexec'
localedir='${datarootdir}/locale'
localstatedir='${prefix}/var'
mandir='${datarootdir}/man'
oldincludedir='/usr/include'
pdfdir='${docdir}'
prefix='/usr/local'
program_transform_name='s,x,x,'
psdir='${docdir}'
sbindir='${exec_prefix}/sbin'
sharedstatedir='${prefix}/com'
sysconfdir='${prefix}/etc'
target_alias=''

## ----------- ##
## confdefs.h. ##
## ----------- ##

/* confdefs.h */
#define PACKAGE_NAME "nettle"
#define PACKAGE_TARNAME "nettle"
#define PACKAGE_VERSION "3.1"
#define PACKAGE_STRING "nettle 3.1"
#define PACKAGE_BUGREPORT "nettle-bugs@lists.lysator.liu.se"
#define PACKAGE_URL ""
#define HAVE_LINK_IFUNC 1
#define STDC_HEADERS 1
#define HAVE_SYS_TYPES_H 1
#define HAVE_SYS_STAT_H 1
#define HAVE_STDLIB_H 1
#define HAVE_STRING_H 1
#define HAVE_MEMORY_H 1
#define HAVE_STRINGS_H 1
#define HAVE_INTTYPES_H 1
#define HAVE_STDINT_H 1
#define HAVE_UNISTD_H 1
#define TIME_WITH_SYS_TIME 1
#define SIZEOF_LONG 4
#define SIZEOF_SIZE_T 4
#define HAVE_OPENSSL_BLOWFISH_H 1
#define HAVE_OPENSSL_DES_H 1
#define HAVE_OPENSSL_CAST_H 1
#define HAVE_OPENSSL_AES_H 1
#define HAVE_OPENSSL_ECDSA_H 1
#define HAVE_ALLOCA_H 1
#define HAVE_ALLOCA 1
#define HAVE_MALLOC_H 1
#define HAVE_STRERROR 1
#define HAVE_SECURE_GETENV 1
#define HAVE_GETLINE 1
#define HAVE_GCC_ATTRIBUTE 1
#define HAVE_FCNTL_LOCKING 1
#define WITH_HOGWEED 1
#define WITH_OPENSSL 1
#define HAVE_CLOCK_GETTIME 1

configure: exit 0

## ---------------------- ##
## Running config.status. ##
## ---------------------- ##

This file was extended by nettle config.status 3.1, which was
generated by GNU Autoconf 2.69.  Invocation command line was

  CONFIG_FILES    = 
  CONFIG_HEADERS  = 
  CONFIG_LINKS    = 
  CONFIG_COMMANDS = 
  $ ./config.status config.h

on shenliu-Ubuntu1432

config.status:944: creating config.h
config.status:1125: config.h is unchanged
