5058 5059 1096 806c8e1020a:806c8ba 0x806C8E1: parse_line (init.c:806) (result) leak: 137
5170 5171 872 806c930020a:806c8ba 0x806C930: parse_line (init.c:812) (result) leak: 109
131127 131128 32 80810e7020a:2020ed0a 0x80810E7: number_to_string (utils.c:1745) (result) leak: 2
137247 137248 32 8053ce7020a:0 0x8053CE7: getftp (ftp.c:1552) (result) leak: 1
125809 125810 32 8070bc4020a:0 0x8070BC4: main (main.c:1437) (result) leak: 1
127717 127718 64 80588e0020a:0 0x80588E0: ftp_login (ftp-basic.c:202) (result) leak: 2
46141 46142 64 806d0f3020a:1410fd8ae 0x806D0F3: cmd_number (init.c:1054) (result) leak: 2
131121 131122 32 8080f54020a:2020ed0a 0x8080F54: number_to_string (utils.c:1744) (result) leak: 2
131109 131110 32 8080d36020a:2020ed0a 0x8080D36: number_to_string (utils.c:1742) (result) leak: 2
46072 46073 16 806e30e020a:3cb366cce 0x806E30E: simple_atoi (init.c:1728) (result) leak: 2
46086 46087 16 806e318020a:3cb366cce 0x806E318: simple_atoi (init.c:1728) (result) leak: 2
128697 128698 32 805a74a020a:0 0x805A74A: ftp_syst (ftp-basic.c:1185) (result) leak: 1
38532 38533 104 806c889020a:201b2291 0x806C889: dehyphen (init.c:776) (result) leak: 13
4264995 4264996 48 8050cf9020a:8050cd6 0x8050CF9: ftp_expected_bytes (ftp.c:92) (result) leak: 6
38824 38825 288 806c050020a:201b1a32 0x806C050: command_by_name (init.c:358) (result) leak: 9
129547 129548 8 805a956020a:805a8ae 0x805A956: ftp_pwd (ftp-basic.c:1237) (result) leak: 1
4265145 4265146 8 8053fc4020a:0 0x8053FC4: getftp (ftp.c:1609) (result) leak: 1
1774177 1774178 64 8074893020a:1411e961e 0x8074893: eta_to_human_short (progress.c:1278) (result) leak: 2
126804 126811 8 402cb4b020b:804a880 0x402CB4B: index (vg_replace_strmem.c:249) (result) leak: 1
556808 556812 57 8072d64020a:685d19ef 0x8072D64: print_row_stats (progress.c:332) (result) leak: 19
39524 39526 96 806e370020a:3cb366cce 0x806E370: simple_atoi (init.c:1743) (result) leak: 3
127062 127063 8 8058537020a:0 0x8058537: ftp_response (ftp-basic.c:85) (result) leak: 10
132152 132153 8 805a470020a:805a3cc 0x805A470: ftp_retr (ftp-basic.c:1055) (result) leak: 1
46022 46023 64 806d163020a:685857fd 0x806D163: cmd_number_inf (init.c:1068) (result) leak: 2
126804 126811 8 402cb4b020b:804a880 0x402CB4B: index (vg_replace_strmem.c:249) (result) leak: 1
132179 132180 32 8053b22020a:0 0x8053B22: getftp (ftp.c:1512) (result) leak: 1
130683 130684 8 805aaab020a:805a9e4 0x805AAAB: ftp_size (ftp-basic.c:1289) (result) leak: 1
132673 132677 3 8080ab9020a:20173a3d 0x8080AB9: human_readable (utils.c:1626) (result) leak: 1
127369 127370 8 805887b020a:0 0x805887B: ftp_login (ftp-basic.c:185) (result) leak: 1
127076 127077 8 8058787020a:0 0x8058787: ftp_greeting (ftp-basic.c:148) (result) leak: 1
44667 44668 16 806c973020a:806c8ba 0x806C973: parse_line (init.c:818) (result) leak: 2
128774 128775 32 805a76f020a:0 0x805A76F: ftp_syst (ftp-basic.c:1187) (result) leak: 1
38830 38831 192 806c061020a:201b1a32 0x806C061: command_by_name (init.c:360) (result) leak: 6
38518 38519 104 806c87f020a:201b2291 0x806C87F: dehyphen (init.c:776) (result) leak: 13
127355 127356 8 8058855020a:0 0x8058855: ftp_login (ftp-basic.c:179) (result) leak: 1
5156 5157 872 806c926020a:806c8ba 0x806C926: parse_line (init.c:812) (result) leak: 109
129917 129918 32 805a99f020a:805a8ae 0x805A99F: ftp_pwd (ftp-basic.c:1248) (result) leak: 1
44681 44682 16 806c97d020a:806c8ba 0x806C97D: parse_line (init.c:818) (result) leak: 2
130404 130405 8 805a1ad020a:805a102 0x805A1AD: ftp_type (ftp-basic.c:957) (result) leak: 1
556748 556749 608 8072d14020a:685d19ef 0x8072D14: print_row_stats (progress.c:326) (result) leak: 19
44751 44752 16 806c9b8020a:806c8ba 0x806C9B8: parse_line (init.c:825) (result) leak: 2
131103 131104 32 8080caf020a:2020ed0a 0x8080CAF: number_to_string (utils.c:1741) (result) leak: 2
131133 131134 32 80812d2020a:2020ed0a 0x80812D2: number_to_string (utils.c:1746) (result) leak: 2
4264981 4264982 48 8050cef020a:8050cd6 0x8050CEF: ftp_expected_bytes (ftp.c:92) (result) leak: 6
132634 132635 32 8080a3b020a:20173a3d 0x8080A3B: human_readable (utils.c:1607) (result) leak: 1
131081 131082 32 8052873020a:0 0x8052873: getftp (ftp.c:1007) (result) leak: 1
131115 131116 32 8080e19020a:2020ed0a 0x8080E19: number_to_string (utils.c:1743) (result) leak: 2
128275 128276 8 805a6e7020a:805a63f 0x805A6E7: ftp_syst (ftp-basic.c:1168) (result) leak: 1
131795 131796 8 805968e020a:80595b3 0x805968E: ftp_pasv (ftp-basic.c:635) (result) leak: 1
131097 131098 32 8080c87020a:2020ed0a 0x8080C87: number_to_string (utils.c:1740) (result) leak: 2
127996 127997 8 8058a39020a:0 0x8058A39: ftp_login (ftp-basic.c:242) (result) leak: 1
556092 556093 608 8072b51020a:685d19ef 0x8072B51: print_row_stats (progress.c:293) (result) leak: 19
38504 38505 104 806c8b0020a:201b2291 0x806C8B0: dehyphen (init.c:775) (result) leak: 13
132640 132641 32 8080a89020a:20173a3d 0x8080A89: human_readable (utils.c:1621) (result) leak: 1
131854 131855 16 80596c4020a:80595b3 0x80596C4: ftp_pasv (ftp-basic.c:642) (result) leak: 2
132166 132167 8 805a493020a:805a3cc 0x805A493: ftp_retr (ftp-basic.c:1060) (result) leak: 1
556833 556835 608 807487b020a:1411e961e 0x807487B: eta_to_human_short (progress.c:1274) (result) leak: 19
